<?xml version="1.0" encoding="UTF-8"?>
<!-- Generated by org.testng.reporters.JUnitXMLReporter -->
<testsuite ignored="0" hostname="BOOK-DA60ANED4E" failures="2" tests="24" name="Surefire test" time="237.798" errors="0" timestamp="2023-12-29T17:07:52 CST">
  <testcase classname="com.tutorialsninja.tests.CompleteCheckoutPageTest" name="checkingOutValidProduct" time="3.859">
    <failure type="java.lang.AssertionError" message="expected [true] but found [false]">
      <![CDATA[java.lang.AssertionError: expected [true] but found [false]
at com.tutorialsninja.tests.CompleteCheckoutPageTest.checkingOutValidProduct(CompleteCheckoutPageTest.java:35)
at java.base/java.util.ArrayList.forEach(ArrayList.java:1511)
... Removed 36 stack frames]]>
    </failure>
  </testcase> <!-- checkingOutValidProduct -->
  <testcase classname="com.tutorialsninja.tests.LoginPageTest" name="verifyLoginWithValidCredentials" time="1.011"/>
  <testcase classname="com.tutorialsninja.tests.LoginPageTest" name="verifyLoginWithValidCredentials" time="1.003"/>
  <testcase classname="com.tutorialsninja.tests.LoginPageTest" name="verifyLoginWithValidCredentials" time="1.096"/>
  <testcase classname="com.tutorialsninja.tests.LoginPageTest" name="verifyLoginWithValidCredentials" time="0.934"/>
  <testcase classname="com.tutorialsninja.tests.LoginPageTest" name="verifyLoginWithValidCredentials" time="0.91"/>
  <testcase classname="com.tutorialsninja.tests.LoginPageTest" name="verifyLoginWithValidCredentials" time="0.935"/>
  <testcase classname="com.tutorialsninja.tests.LoginPageTest" name="verifyLoginWithValidCredentials" time="1.133"/>
  <testcase classname="com.tutorialsninja.tests.LoginPageTest" name="verifyLoginWithValidCredentials" time="0.948"/>
  <testcase classname="com.tutorialsninja.tests.LoginPageTest" name="verifyLoginWithValidCredentials" time="1.007"/>
  <testcase classname="com.tutorialsninja.tests.LoginPageTest" name="verifyLoginWithValidCredentials" time="0.911"/>
  <testcase classname="com.tutorialsninja.tests.LoginPageTest" name="verifyLoginWithValidCredentials" time="1.067"/>
  <testcase classname="com.tutorialsninja.tests.LoginPageTest" name="VerifyLoginWithInvalidEmailValidPassword" time="0.682"/>
  <testcase classname="com.tutorialsninja.tests.LoginPageTest" name="VerifyLoginWithValidEmailValidInvalidPassword" time="0.654"/>
  <testcase classname="com.tutorialsninja.tests.LoginPageTest" name="VerifyLoginWithInValidCredentials" time="0.634"/>
  <testcase classname="com.tutorialsninja.tests.LoginPageTest" name="VerifyLoginWithNoCredentials" time="0.496"/>
  <testcase classname="com.tutorialsninja.tests.RegisterPageTest" name="verifyingRegisterWithMandatoryFields" time="1.535"/>
  <testcase classname="com.tutorialsninja.tests.RegisterPageTest" name="verifyingRegisterWithAllFields" time="1.844"/>
  <testcase classname="com.tutorialsninja.tests.RegisterPageTest" name="verifyingRegisterWithExistingEmail" time="1.558"/>
  <testcase classname="com.tutorialsninja.tests.RegisterPageTest" name="veryfingRegisterWithMismatchPassword" time="0.48">
    <failure type="java.lang.IllegalArgumentException" message="Keys to send should be a not null CharSequence">
      <![CDATA[java.lang.IllegalArgumentException: Keys to send should be a not null CharSequence
at org.openqa.selenium.remote.RemoteWebElement.sendKeys(RemoteWebElement.java:97)
at org.openqa.selenium.support.pagefactory.internal.LocatingElementHandler.invoke(LocatingElementHandler.java:51)
at jdk.proxy2/jdk.proxy2.$Proxy9.sendKeys(Unknown Source)
at com.tutorialsninja.pages.RegisterPage.registerPageAllDetails(RegisterPage.java:123)
at com.tutorialsninja.tests.RegisterPageTest.veryfingRegisterWithMismatchPassword(RegisterPageTest.java:138)
at java.base/java.util.ArrayList.forEach(ArrayList.java:1511)
... Removed 35 stack frames]]>
    </failure>
  </testcase> <!-- veryfingRegisterWithMismatchPassword -->
  <testcase classname="com.tutorialsninja.tests.RegisterPageTest" name="verifyingRegisterWithNoFields" time="0.666"/>
  <testcase classname="com.tutorialsninja.tests.SearchProductPageTest" name="verifySearchWithValidProduct" time="0.532"/>
  <testcase classname="com.tutorialsninja.tests.SearchProductPageTest" name="verifySearchWithInvalidProduct" time="0.524"/>
  <testcase classname="com.tutorialsninja.tests.SearchProductPageTest" name="verifySearchWithNoProduct" time="0.407"/>
</testsuite> <!-- Surefire test -->
