<?xml version="1.0" encoding="UTF-8"?>
<!-- Generated by org.testng.reporters.JUnitXMLReporter -->
<testsuite ignored="0" hostname="BOOK-DA60ANED4E" failures="2" tests="24" name="Test" time="253.773" errors="0" timestamp="2023-12-28T19:13:01 CST">
  <testcase classname="com.tutorialsninja.tests.LoginPageTest" name="verifyLoginWithValidCredentials" time="0.965"/>
  <testcase classname="com.tutorialsninja.tests.LoginPageTest" name="verifyLoginWithValidCredentials" time="0.933"/>
  <testcase classname="com.tutorialsninja.tests.LoginPageTest" name="verifyLoginWithValidCredentials" time="0.938"/>
  <testcase classname="com.tutorialsninja.tests.LoginPageTest" name="verifyLoginWithValidCredentials" time="0.913"/>
  <testcase classname="com.tutorialsninja.tests.LoginPageTest" name="verifyLoginWithValidCredentials" time="0.926"/>
  <testcase classname="com.tutorialsninja.tests.LoginPageTest" name="verifyLoginWithValidCredentials" time="1.062"/>
  <testcase classname="com.tutorialsninja.tests.LoginPageTest" name="verifyLoginWithValidCredentials" time="0.92"/>
  <testcase classname="com.tutorialsninja.tests.LoginPageTest" name="verifyLoginWithValidCredentials" time="0.935"/>
  <testcase classname="com.tutorialsninja.tests.LoginPageTest" name="verifyLoginWithValidCredentials" time="0.957"/>
  <testcase classname="com.tutorialsninja.tests.LoginPageTest" name="verifyLoginWithValidCredentials" time="0.921"/>
  <testcase classname="com.tutorialsninja.tests.LoginPageTest" name="verifyLoginWithValidCredentials" time="1.048"/>
  <testcase classname="com.tutorialsninja.tests.LoginPageTest" name="VerifyLoginWithInvalidEmailValidPassword" time="0.696"/>
  <testcase classname="com.tutorialsninja.tests.LoginPageTest" name="VerifyLoginWithValidEmailValidInvalidPassword" time="0.622"/>
  <testcase classname="com.tutorialsninja.tests.LoginPageTest" name="VerifyLoginWithInValidCredentials" time="0.668"/>
  <testcase classname="com.tutorialsninja.tests.LoginPageTest" name="VerifyLoginWithNoCredentials" time="0.472"/>
  <testcase classname="com.tutorialsninja.tests.RegisterPageTest" name="verifyingRegisterWithMandatoryFields" time="1.336"/>
  <testcase classname="com.tutorialsninja.tests.RegisterPageTest" name="verifyingRegisterWithAllFields" time="1.587"/>
  <testcase classname="com.tutorialsninja.tests.RegisterPageTest" name="verifyingRegisterWithExistingEmail" time="1.106"/>
  <testcase classname="com.tutorialsninja.tests.RegisterPageTest" name="veryfingRegisterWithMismatchPassword" time="1.129">
    <failure type="java.lang.IllegalArgumentException" message="Keys to send should be a not null CharSequence">
      <![CDATA[java.lang.IllegalArgumentException: Keys to send should be a not null CharSequence
at org.openqa.selenium.remote.RemoteWebElement.sendKeys(RemoteWebElement.java:97)
at org.openqa.selenium.support.pagefactory.internal.LocatingElementHandler.invoke(LocatingElementHandler.java:51)
at jdk.proxy2/jdk.proxy2.$Proxy15.sendKeys(Unknown Source)
at com.tutorialsninja.pages.RegisterPage.registerPageAllDetails(RegisterPage.java:123)
at com.tutorialsninja.tests.RegisterPageTest.veryfingRegisterWithMismatchPassword(RegisterPageTest.java:138)
at java.base/java.util.ArrayList.forEach(ArrayList.java:1511)
... Removed 27 stack frames]]>
    </failure>
  </testcase> <!-- veryfingRegisterWithMismatchPassword -->
  <testcase classname="com.tutorialsninja.tests.RegisterPageTest" name="verifyingRegisterWithNoFields" time="0.689"/>
  <testcase classname="com.tutorialsninja.tests.SearchProductPageTest" name="verifySearchWithValidProduct" time="2.757"/>
  <testcase classname="com.tutorialsninja.tests.SearchProductPageTest" name="verifySearchWithInvalidProduct" time="0.594"/>
  <testcase classname="com.tutorialsninja.tests.SearchProductPageTest" name="verifySearchWithNoProduct" time="1.493"/>
  <testcase classname="com.tutorialsninja.tests.CompleteCheckoutPageTest" name="checkingOutValidProduct" time="3.725">
    <failure type="java.lang.AssertionError" message="expected [true] but found [false]">
      <![CDATA[java.lang.AssertionError: expected [true] but found [false]
at com.tutorialsninja.tests.CompleteCheckoutPageTest.checkingOutValidProduct(CompleteCheckoutPageTest.java:35)
at java.base/java.util.ArrayList.forEach(ArrayList.java:1511)
... Removed 29 stack frames]]>
    </failure>
  </testcase> <!-- checkingOutValidProduct -->
</testsuite> <!-- Test -->
